Arguments: 
  /usr/bin/node /usr/share/yarn/bin/yarn.js add typescrit -D

PATH: 
  /home/marcelo/anaconda3/bin:/home/marcelo/anaconda3/condabin:/usr/local/sbin:/usr/local/bin:/usr/sbin:/usr/bin:/sbin:/bin:/usr/games:/usr/local/games:/snap/bin:/usr/java/jdk1.7.0_71/bin:/opt/apache/maven/apache-maven-3.2.1/bin:/home/marcelo/Android/Sdk/emulator:/home/marcelo/Android/Sdk/tools:/home/marcelo/Android/Sdk/tools/bin:/home/marcelo/Android/Sdk/platform-tools:/home/marcelo/Android/Sdk/emulator:/home/marcelo/Android/Sdk/tools:/home/marcelo/Android/Sdk/tools/bin:/home/marcelo/Android/Sdk/platform-tools

Yarn version: 
  1.22.4

Node version: 
  12.18.3

Platform: 
  linux x64

Trace: 
  Error: https://registry.yarnpkg.com/typescrit: Not found
      at Request.params.callback [as _callback] (/usr/share/yarn/lib/cli.js:66987:18)
      at Request.self.callback (/usr/share/yarn/lib/cli.js:140748:22)
      at Request.emit (events.js:315:20)
      at Request.<anonymous> (/usr/share/yarn/lib/cli.js:141720:10)
      at Request.emit (events.js:315:20)
      at IncomingMessage.<anonymous> (/usr/share/yarn/lib/cli.js:141642:12)
      at Object.onceWrapper (events.js:421:28)
      at IncomingMessage.emit (events.js:327:22)
      at endReadableNT (_stream_readable.js:1220:12)
      at processTicksAndRejections (internal/process/task_queues.js:84:21)

npm manifest: 
  {
    "name": "nlw-net-promoter-score",
    "version": "1.0.0",
    "main": "index.js",
    "license": "MIT"
  }

yarn manifest: 
  No manifest

Lockfile: 
  No lockfile
